Using pre-set license
Built from 'master' branch; Version is '2020.3.36f1 (71f96b79b9f0) revision 7469419'; Using compiler version '192528614'; Build Type 'Release'
OS: 'Windows 11  (10.0.22000) 64bit Core' Language: 'en' Physical Memory: 16245 MB
BatchMode: 1, IsHumanControllingUs: 0, StartBugReporterOnCrash: 0, Is64bit: 1, IsPro: 0

COMMAND LINE ARGUMENTS:
C:\Program Files\Unity\Hub\Editor\2020.3.36f1\Editor\Unity.exe
-adb2
-batchMode
-noUpm
-name
AssetImportWorker0
-projectPath
C:/Users/hasch/Documents/gmtk-2022-mine-and-dice/Mine and Dice
-logFile
Logs/AssetImportWorker0.log
-srvPort
51617
Successfully changed project path to: C:/Users/hasch/Documents/gmtk-2022-mine-and-dice/Mine and Dice
C:/Users/hasch/Documents/gmtk-2022-mine-and-dice/Mine and Dice
Using Asset Import Pipeline V2.
Refreshing native plugins compatible for Editor in 64.65 ms, found 2 plugins.
Preloading 0 native plugins for Editor in 0.00 ms.
Initialize engine version: 2020.3.36f1 (71f96b79b9f0)
[Subsystems] Discovering subsystems at path C:/Program Files/Unity/Hub/Editor/2020.3.36f1/Editor/Data/Resources/UnitySubsystems
[Subsystems] Discovering subsystems at path C:/Users/hasch/Documents/gmtk-2022-mine-and-dice/Mine and Dice/Assets
GfxDevice: creating device client; threaded=0
Direct3D:
    Version:  Direct3D 11.0 [level 11.1]
    Renderer: NVIDIA GeForce RTX 2070 with Max-Q Design (ID=0x1f14)
    Vendor:   
    VRAM:     8031 MB
    Driver:   30.0.15.1259
Initialize mono
Mono path[0] = 'C:/Program Files/Unity/Hub/Editor/2020.3.36f1/Editor/Data/Managed'
Mono path[1] = 'C:/Program Files/Unity/Hub/Editor/2020.3.36f1/Editor/Data/MonoBleedingEdge/lib/mono/unityjit'
Mono config path = 'C:/Program Files/Unity/Hub/Editor/2020.3.36f1/Editor/Data/MonoBleedingEdge/etc'
Using monoOptions --debugger-agent=transport=dt_socket,embedding=1,server=y,suspend=n,address=127.0.0.1:56888
Begin MonoManager ReloadAssembly
Registering precompiled unity dll's ...
Register platform support module: C:/Program Files/Unity/Hub/Editor/2020.3.36f1/Editor/Data/PlaybackEngines/WindowsStandaloneSupport/UnityEditor.WindowsStandalone.Extensions.dll
Registered in 0.001848 seconds.
Native extension for WindowsStandalone target not found
Refreshing native plugins compatible for Editor in 82.39 ms, found 2 plugins.
Preloading 0 native plugins for Editor in 0.00 ms.
Mono: successfully reloaded assembly
- Completed reload, in  0.791 seconds
Domain Reload Profiling:
	ReloadAssembly (791ms)
		BeginReloadAssembly (81ms)
			ExecutionOrderSort (0ms)
			DisableScriptedObjects (0ms)
			BackupInstance (0ms)
			ReleaseScriptingObjects (0ms)
			CreateAndSetChildDomain (1ms)
		EndReloadAssembly (624ms)
			LoadAssemblies (75ms)
			RebuildTransferFunctionScriptingTraits (0ms)
			SetupTypeCache (195ms)
			ReleaseScriptCaches (0ms)
			RebuildScriptCaches (36ms)
			SetupLoadedEditorAssemblies (273ms)
				LogAssemblyErrors (0ms)
				InitializePlatformSupportModulesInManaged (4ms)
				SetLoadedEditorAssemblies (0ms)
				RefreshPlugins (82ms)
				BeforeProcessingInitializeOnLoad (26ms)
				ProcessInitializeOnLoadAttributes (125ms)
				ProcessInitializeOnLoadMethodAttributes (34ms)
				AfterProcessingInitializeOnLoad (0ms)
				EditorAssembliesLoaded (0ms)
			ExecutionOrderSort2 (0ms)
			AwakeInstancesAfterBackupRestoration (0ms)
Platform modules already initialized, skipping
Registering precompiled user dll's ...
Registered in 0.005740 seconds.
Begin MonoManager ReloadAssembly
Native extension for WindowsStandalone target not found
Refreshing native plugins compatible for Editor in 63.09 ms, found 2 plugins.
Preloading 0 native plugins for Editor in 0.00 ms.
Mono: successfully reloaded assembly
- Completed reload, in  1.360 seconds
Domain Reload Profiling:
	ReloadAssembly (1361ms)
		BeginReloadAssembly (166ms)
			ExecutionOrderSort (0ms)
			DisableScriptedObjects (5ms)
			BackupInstance (0ms)
			ReleaseScriptingObjects (0ms)
			CreateAndSetChildDomain (20ms)
		EndReloadAssembly (1110ms)
			LoadAssemblies (121ms)
			RebuildTransferFunctionScriptingTraits (0ms)
			SetupTypeCache (366ms)
			ReleaseScriptCaches (1ms)
			RebuildScriptCaches (80ms)
			SetupLoadedEditorAssemblies (414ms)
				LogAssemblyErrors (0ms)
				InitializePlatformSupportModulesInManaged (3ms)
				SetLoadedEditorAssemblies (0ms)
				RefreshPlugins (63ms)
				BeforeProcessingInitializeOnLoad (88ms)
				ProcessInitializeOnLoadAttributes (228ms)
				ProcessInitializeOnLoadMethodAttributes (16ms)
				AfterProcessingInitializeOnLoad (14ms)
				EditorAssembliesLoaded (0ms)
			ExecutionOrderSort2 (0ms)
			AwakeInstancesAfterBackupRestoration (1ms)
Platform modules already initialized, skipping
========================================================================
Worker process is ready to serve import requests
Launched and connected shader compiler UnityShaderCompiler.exe after 0.06 seconds
Refreshing native plugins compatible for Editor in 0.56 ms, found 2 plugins.
Preloading 0 native plugins for Editor in 0.00 ms.
Unloading 2935 Unused Serialized files (Serialized files now loaded: 0)
System memory in use before: 131.6 MB.
System memory in use after: 131.8 MB.

Unloading 17 unused Assets to reduce memory usage. Loaded Objects now: 3367.
Total: 3.246500 ms (FindLiveObjects: 0.223800 ms CreateObjectMapping: 0.158900 ms MarkObjects: 2.791700 ms  DeleteObjects: 0.071000 ms)

AssetImportParameters requested are different than current active one (requested -> active):
  custom:framework-win-MediaFoundation: 216162199b28c13a410421893ffa2e32 -> 
  custom:video-decoder-ogg-theora: a1e56fd34408186e4bbccfd4996cb3dc -> 
  custom:container-muxer-webm: aa71ff27fc2769a1b78a27578f13a17b -> 
  custom:container-demuxer-webm: 4f35f7cbe854078d1ac9338744f61a02 -> 
  custom:container-demuxer-ogg: 62fdf1f143b41e24485cea50d1cbac27 -> 
  custom:video-encoder-webm-vp8: eb34c28f22e8b96e1ab97ce403110664 -> 
  custom:video-decoder-webm-vp8: 9c59270c3fd7afecdb556c50c9e8de78 -> 
  custom:audio-decoder-ogg-vorbis: bf7c407c2cedff20999df2af8eb42d56 -> 
  custom:audio-encoder-webm-vorbis: bf7c407c2cedff20999df2af8eb42d56 -> 
========================================================================
Received Import Request.
  path: Assets/Spirtes Single.mat
  artifactKey: Guid(cf5b9dfb19a43d9408f803560a63f124) Importer(815301076,1909f56bfc062723c751e8b465ee728b)
Start importing Assets/Spirtes Single.mat using Guid(cf5b9dfb19a43d9408f803560a63f124) Importer(815301076,1909f56bfc062723c751e8b465ee728b)  -> (artifact id: 'b811df59b1256165fb186fd2caff9a6f') in 0.227247 seconds 
========================================================================
Received Import Request.
  Time since last request: 0.000242 seconds.
  path: Assets/MainMixer.mixer
  artifactKey: Guid(4180e930369c1c54093639c4a96fecaf) Importer(815301076,1909f56bfc062723c751e8b465ee728b)
Start importing Assets/MainMixer.mixer using Guid(4180e930369c1c54093639c4a96fecaf) Importer(815301076,1909f56bfc062723c751e8b465ee728b)  -> (artifact id: '9d7f5ebcc20a714eb0df33d08959c526') in 0.012571 seconds 
========================================================================
Received Import Request.
  Time since last request: 0.000238 seconds.
  path: Assets/_ConstantObjects.prefab
  artifactKey: Guid(6ac511fdc86064747a5bc5b82ca98b9e) Importer(815301076,1909f56bfc062723c751e8b465ee728b)
Start importing Assets/_ConstantObjects.prefab using Guid(6ac511fdc86064747a5bc5b82ca98b9e) Importer(815301076,1909f56bfc062723c751e8b465ee728b)  -> (artifact id: '926d0d594d8e928d9b9687af477a33d3') in 0.088458 seconds 
========================================================================
Received Prepare
Registering precompiled user dll's ...
Registered in 0.007324 seconds.
Begin MonoManager ReloadAssembly
Native extension for WindowsStandalone target not found
Refreshing native plugins compatible for Editor in 0.55 ms, found 2 plugins.
Preloading 0 native plugins for Editor in 0.00 ms.
Mono: successfully reloaded assembly
- Completed reload, in  1.051 seconds
Domain Reload Profiling:
	ReloadAssembly (1051ms)
		BeginReloadAssembly (142ms)
			ExecutionOrderSort (0ms)
			DisableScriptedObjects (7ms)
			BackupInstance (0ms)
			ReleaseScriptingObjects (0ms)
			CreateAndSetChildDomain (38ms)
		EndReloadAssembly (834ms)
			LoadAssemblies (102ms)
			RebuildTransferFunctionScriptingTraits (0ms)
			SetupTypeCache (300ms)
			ReleaseScriptCaches (1ms)
			RebuildScriptCaches (44ms)
			SetupLoadedEditorAssemblies (264ms)
				LogAssemblyErrors (0ms)
				InitializePlatformSupportModulesInManaged (3ms)
				SetLoadedEditorAssemblies (0ms)
				RefreshPlugins (1ms)
				BeforeProcessingInitializeOnLoad (64ms)
				ProcessInitializeOnLoadAttributes (173ms)
				ProcessInitializeOnLoadMethodAttributes (12ms)
				AfterProcessingInitializeOnLoad (10ms)
				EditorAssembliesLoaded (0ms)
			ExecutionOrderSort2 (0ms)
			AwakeInstancesAfterBackupRestoration (12ms)
Platform modules already initialized, skipping
Refreshing native plugins compatible for Editor in 0.56 ms, found 2 plugins.
Preloading 0 native plugins for Editor in 0.00 ms.
Unloading 2813 Unused Serialized files (Serialized files now loaded: 0)
System memory in use before: 130.4 MB.
System memory in use after: 130.7 MB.

Unloading 12 unused Assets to reduce memory usage. Loaded Objects now: 3450.
Total: 2.916700 ms (FindLiveObjects: 0.203700 ms CreateObjectMapping: 0.135900 ms MarkObjects: 2.551200 ms  DeleteObjects: 0.024700 ms)

AssetImportParameters requested are different than current active one (requested -> active):
  custom:framework-win-MediaFoundation: 216162199b28c13a410421893ffa2e32 -> 
  custom:video-decoder-ogg-theora: a1e56fd34408186e4bbccfd4996cb3dc -> 
  custom:container-muxer-webm: aa71ff27fc2769a1b78a27578f13a17b -> 
  custom:container-demuxer-webm: 4f35f7cbe854078d1ac9338744f61a02 -> 
  custom:container-demuxer-ogg: 62fdf1f143b41e24485cea50d1cbac27 -> 
  custom:video-encoder-webm-vp8: eb34c28f22e8b96e1ab97ce403110664 -> 
  custom:video-decoder-webm-vp8: 9c59270c3fd7afecdb556c50c9e8de78 -> 
  custom:audio-decoder-ogg-vorbis: bf7c407c2cedff20999df2af8eb42d56 -> 
  custom:audio-encoder-webm-vorbis: bf7c407c2cedff20999df2af8eb42d56 -> 
========================================================================
Received Import Request.
  Time since last request: 760.922778 seconds.
  path: Assets/Init scene.unity
  artifactKey: Guid(87058927f281776499ca3f29f333d5a4) Importer(815301076,1909f56bfc062723c751e8b465ee728b)
Start importing Assets/Init scene.unity using Guid(87058927f281776499ca3f29f333d5a4) Importer(815301076,1909f56bfc062723c751e8b465ee728b)  -> (artifact id: 'f1c9421e028287747a11bb0a6b03a0cb') in 0.013678 seconds 
========================================================================
Received Import Request.
  Time since last request: 9.938268 seconds.
  path: Assets/Main.unity
  artifactKey: Guid(efc41f1039bc02e41b4e5b681b8d1871) Importer(815301076,1909f56bfc062723c751e8b465ee728b)
Start importing Assets/Main.unity using Guid(efc41f1039bc02e41b4e5b681b8d1871) Importer(815301076,1909f56bfc062723c751e8b465ee728b)  -> (artifact id: 'd667b47f658d0c6ced70a5c4c1c29742') in 0.008323 seconds 
========================================================================
Received Import Request.
  Time since last request: 3578.843857 seconds.
  path: Assets/Graphics
  artifactKey: Guid(52c16f42e22980846b5cfe344aa39361) Importer(815301076,1909f56bfc062723c751e8b465ee728b)
Start importing Assets/Graphics using Guid(52c16f42e22980846b5cfe344aa39361) Importer(815301076,1909f56bfc062723c751e8b465ee728b)  -> (artifact id: '1b28e5afc5daf613a6a396cdf5440318') in 0.007607 seconds 
========================================================================
Received Import Request.
  Time since last request: 0.057458 seconds.
  path: Assets/Graphics/loading.png
  artifactKey: Guid(701b0bdd1775418458d8ad23759fea98) Importer(815301076,1909f56bfc062723c751e8b465ee728b)
Start importing Assets/Graphics/loading.png using Guid(701b0bdd1775418458d8ad23759fea98) Importer(815301076,1909f56bfc062723c751e8b465ee728b)  -> (artifact id: '90d78d8417a403ef28388ee372a3fdc3') in 0.091135 seconds 
========================================================================
Received Import Request.
  Time since last request: 0.000308 seconds.
  path: Assets/Graphics/roguelikeitems.png
  artifactKey: Guid(c50a3d6a3a53e6e45b4824b5be23b0aa) Importer(815301076,1909f56bfc062723c751e8b465ee728b)
Start importing Assets/Graphics/roguelikeitems.png using Guid(c50a3d6a3a53e6e45b4824b5be23b0aa) Importer(815301076,1909f56bfc062723c751e8b465ee728b)  -> (artifact id: 'cbcc291300c3f62a8a58b82c3e35df23') in 0.023349 seconds 
========================================================================
Received Import Request.
  Time since last request: 0.000320 seconds.
  path: Assets/Graphics/nails.png
  artifactKey: Guid(a4c41b473dbfedd45a1f515c8a69f5f4) Importer(815301076,1909f56bfc062723c751e8b465ee728b)
Start importing Assets/Graphics/nails.png using Guid(a4c41b473dbfedd45a1f515c8a69f5f4) Importer(815301076,1909f56bfc062723c751e8b465ee728b)  -> (artifact id: '9f2ce10fb50289de20ce478f77c4c036') in 0.020352 seconds 
========================================================================
Received Import Request.
  Time since last request: 0.000312 seconds.
  path: Assets/Graphics/SpriteImport.preset
  artifactKey: Guid(1ff35c0a69d885149bdfd5bd67ff6992) Importer(815301076,1909f56bfc062723c751e8b465ee728b)
Start importing Assets/Graphics/SpriteImport.preset using Guid(1ff35c0a69d885149bdfd5bd67ff6992) Importer(815301076,1909f56bfc062723c751e8b465ee728b)  -> (artifact id: '560d95a6858599fa7e2bbf4dc976fc19') in 0.011589 seconds 
========================================================================
Received Import Request.
  Time since last request: 250.331019 seconds.
  path: Assets/Graphics/nails.png
  artifactKey: Guid(a4c41b473dbfedd45a1f515c8a69f5f4) Importer(815301076,1909f56bfc062723c751e8b465ee728b)
Start importing Assets/Graphics/nails.png using Guid(a4c41b473dbfedd45a1f515c8a69f5f4) Importer(815301076,1909f56bfc062723c751e8b465ee728b)  -> (artifact id: '13c1d13c41f716aee63d536faf60592c') in 0.014674 seconds 
========================================================================
Received Import Request.
  Time since last request: 31.465330 seconds.
  path: Assets/Graphics/nails.png
  artifactKey: Guid(a4c41b473dbfedd45a1f515c8a69f5f4) Importer(815301076,1909f56bfc062723c751e8b465ee728b)
Start importing Assets/Graphics/nails.png using Guid(a4c41b473dbfedd45a1f515c8a69f5f4) Importer(815301076,1909f56bfc062723c751e8b465ee728b)  -> (artifact id: '346a46c2029b14aef912f03153ab7c7f') in 0.073457 seconds 
========================================================================
Received Import Request.
  Time since last request: 59.776817 seconds.
  path: Assets/Graphics/nails.png
  artifactKey: Guid(a4c41b473dbfedd45a1f515c8a69f5f4) Importer(815301076,1909f56bfc062723c751e8b465ee728b)
Start importing Assets/Graphics/nails.png using Guid(a4c41b473dbfedd45a1f515c8a69f5f4) Importer(815301076,1909f56bfc062723c751e8b465ee728b)  -> (artifact id: '31f45dbb976bf89989c8a77ce6f0e24f') in 0.064684 seconds 
========================================================================
Received Import Request.
  Time since last request: 21.668343 seconds.
  path: Assets/Graphics/roguelikeitems.png
  artifactKey: Guid(c50a3d6a3a53e6e45b4824b5be23b0aa) Importer(815301076,1909f56bfc062723c751e8b465ee728b)
Start importing Assets/Graphics/roguelikeitems.png using Guid(c50a3d6a3a53e6e45b4824b5be23b0aa) Importer(815301076,1909f56bfc062723c751e8b465ee728b)  -> (artifact id: '2b7a3e1b2ad2b06b8ab9e5a561a581eb') in 0.014171 seconds 
========================================================================
Received Import Request.
  Time since last request: 19.990629 seconds.
  path: Assets/Graphics/roguelikeitems.png
  artifactKey: Guid(c50a3d6a3a53e6e45b4824b5be23b0aa) Importer(815301076,1909f56bfc062723c751e8b465ee728b)
Start importing Assets/Graphics/roguelikeitems.png using Guid(c50a3d6a3a53e6e45b4824b5be23b0aa) Importer(815301076,1909f56bfc062723c751e8b465ee728b)  -> (artifact id: '9ad81fe36b9df50ff548af61276ea29f') in 0.487123 seconds 
========================================================================
Received Import Request.
  Time since last request: 117.960945 seconds.
  path: Assets/Graphics/roguelikeitems.png
  artifactKey: Guid(c50a3d6a3a53e6e45b4824b5be23b0aa) Importer(815301076,1909f56bfc062723c751e8b465ee728b)
Start importing Assets/Graphics/roguelikeitems.png using Guid(c50a3d6a3a53e6e45b4824b5be23b0aa) Importer(815301076,1909f56bfc062723c751e8b465ee728b)  -> (artifact id: 'b0f0b6d9d449676a03b41a1987ffc3a2') in 0.431840 seconds 
========================================================================
Received Import Request.
  Time since last request: 447.718702 seconds.
  path: Assets/Graphics/roguelikeitems.png
  artifactKey: Guid(c50a3d6a3a53e6e45b4824b5be23b0aa) Importer(815301076,1909f56bfc062723c751e8b465ee728b)
Start importing Assets/Graphics/roguelikeitems.png using Guid(c50a3d6a3a53e6e45b4824b5be23b0aa) Importer(815301076,1909f56bfc062723c751e8b465ee728b)  -> (artifact id: '94d18d46fb3daea92281e2fca792b322') in 0.410377 seconds 
========================================================================
Received Import Request.
  Time since last request: 284.693538 seconds.
  path: Assets/Graphics/roguelikeitems.png
  artifactKey: Guid(c50a3d6a3a53e6e45b4824b5be23b0aa) Importer(815301076,1909f56bfc062723c751e8b465ee728b)
Start importing Assets/Graphics/roguelikeitems.png using Guid(c50a3d6a3a53e6e45b4824b5be23b0aa) Importer(815301076,1909f56bfc062723c751e8b465ee728b)  -> (artifact id: 'df8c7aef06b8491eaf3990465820f2bf') in 0.329793 seconds 
